2025-02-24 11:15:24:1524 info:  reqId: DB connection successful
2025-02-24 11:16:20:1620 info:  reqId: DB connection successful
2025-02-24 11:16:32:1632 info: POST/signin reqId:ab14ebfe-c0e8-427e-8cef-365adf5f6e6a [object Object]
2025-02-24 11:16:32:1632 http:  reqId: ab14ebfe-c0e8-427e-8cef-365adf5f6e6a POST /api/v1/auth/signin 200 246 - 230.327 ms

2025-02-24 11:16:40:1640 info: DELETE/deletetask reqId:67ba81ce-a0d1-4259-b5b7-a66a88097295 task deleted
2025-02-24 11:16:40:1640 http:  reqId: 67ba81ce-a0d1-4259-b5b7-a66a88097295 DELETE /api/v1/task/deletetask 200 65 - 16.005 ms

2025-02-24 11:16:44:1644 info: DELETE/deletetask reqId:4d3aa400-9bc2-4d8a-9e07-54565e673921 task deleted
2025-02-24 11:16:44:1644 http:  reqId: 4d3aa400-9bc2-4d8a-9e07-54565e673921 DELETE /api/v1/task/deletetask 200 65 - 6.195 ms

2025-02-24 11:17:28:1728 info:  reqId: DB connection successful
2025-02-24 11:17:34:1734 info: DELETE/deletetask reqId:d97b9caf-abc4-497e-b646-eac136f0032a task deleted
2025-02-24 11:17:34:1734 http:  reqId: d97b9caf-abc4-497e-b646-eac136f0032a DELETE /api/v1/task/deletetask 200 65 - 67.559 ms

2025-02-24 11:18:16:1816 info: DELETE/deletetask reqId:23427a4c-4663-4601-bc05-9b3faaa681c4 task deleted
2025-02-24 11:18:16:1816 http:  reqId: 23427a4c-4663-4601-bc05-9b3faaa681c4 DELETE /api/v1/task/deletetask 200 65 - 18.212 ms

2025-02-24 11:19:07:197 info:  reqId: DB connection successful
2025-02-24 11:19:12:1912 error: DELETE/deletetask reqId:08a89e11-441f-42c2-bfb7-f959360f09ea task not found
2025-02-24 11:19:12:1912 http:  reqId: 08a89e11-441f-42c2-bfb7-f959360f09ea DELETE /api/v1/task/deletetask 404 77 - 72.453 ms

2025-02-24 11:19:32:1932 info:  reqId: DB connection successful
2025-02-24 11:20:40:2040 info:  reqId: DB connection successful
2025-02-24 11:21:23:2123 info: DELETE/deletetask reqId:87b5302c-d58b-45a8-9ded-e572892ff8d0 task deleted
2025-02-24 11:21:23:2123 http:  reqId: 87b5302c-d58b-45a8-9ded-e572892ff8d0 DELETE /api/v1/task/deletetask 200 65 - 104.437 ms

2025-02-24 11:22:58:2258 info:  reqId: DB connection successful
2025-02-24 11:25:37:2537 info:  reqId: DB connection successful
2025-02-24 11:25:49:2549 info: POST/signin reqId:5e7e8f73-f348-498c-8d14-36a781748f55 [object Object]
2025-02-24 11:25:49:2549 http:  reqId: 5e7e8f73-f348-498c-8d14-36a781748f55 POST /api/v1/auth/signin 200 246 - 227.814 ms

2025-02-24 11:27:04:274 info:  reqId: DB connection successful
2025-02-24 11:27:15:2715 info: POST/signin reqId:5b7f0b02-e4da-4811-a244-b95fe4dd461d [object Object]
2025-02-24 11:27:15:2715 http:  reqId: 5b7f0b02-e4da-4811-a244-b95fe4dd461d POST /api/v1/auth/signin 200 246 - 198.828 ms

2025-02-24 11:29:02:292 info:  reqId: DB connection successful
2025-02-24 11:30:16:3016 info:  reqId: DB connection successful
2025-02-24 11:30:28:3028 info: /api/v1/auth/signin reqId:ca7b3702-ab82-4a7e-a1af-f3d2598f0e18 [object Object]
2025-02-24 11:30:28:3028 http:  reqId: ca7b3702-ab82-4a7e-a1af-f3d2598f0e18 POST /api/v1/auth/signin 200 246 - 239.427 ms

2025-02-24 11:31:52:3152 info: /api/v1/task/gettask reqId:7e5a9295-672c-432b-9167-62719236bcb1 task fetched successfully
2025-02-24 11:31:52:3152 http:  reqId: 7e5a9295-672c-432b-9167-62719236bcb1 GET /api/v1/task/gettask 200 962 - 14.922 ms

2025-02-24 11:37:19:3719 info:  reqId: DB connection successful
2025-02-24 11:37:38:3738 info: /api/v1/auth/signin reqId:c5b32eb4-7291-408a-8492-617b40282426 [object Object]
2025-02-24 11:37:38:3738 http:  reqId: c5b32eb4-7291-408a-8492-617b40282426 POST /api/v1/auth/signin 200 246 - 205.157 ms

2025-02-24 11:39:54:3954 info:  reqId: [object Object]
2025-02-24 11:40:10:4010 info: /api/v1/auth/signin reqId:65845c92-7732-4668-822d-44ff0afc346f [object Object]
2025-02-24 11:40:10:4010 http:  reqId: [object Object]
2025-02-24 11:41:00:410 info:  reqId: undefined
2025-02-24 11:41:49:4149 info:  reqId: undefined
2025-02-24 11:41:51:4151 info:  reqId: undefined
2025-02-24 11:41:51:4151 http:  reqId: undefined
2025-02-24 11:42:45:4245 info:  reqId: undefined
2025-02-24 11:42:47:4247 info:  reqId: undefined
2025-02-24 11:42:47:4247 http:  reqId: undefined
2025-02-24 11:44:19:4419 info: DB connection successful
2025-02-24 11:44:26:4426 info: DB connection successful
2025-02-24 11:44:29:4429 info: [object Object]
2025-02-24 11:44:29:4429 http: 8f6f039e-5a53-4b22-9c2e-8d0d3c41aaac POST /api/v1/auth/signin 200 246 - 154.473 ms

2025-02-24 11:47:38:4738 info: DB connection successful - Path: , Req ID: , Response: 
2025-02-24 11:47:44:4744 info: DB connection successful - Path: , Req ID: , Response: 
2025-02-24 11:47:48:4748 info: [object Object] - Path: , Req ID: , Response: 
2025-02-24 11:47:48:4748 http: 014205e5-c934-4fe3-b290-63aada080c54 POST /api/v1/auth/signin 200 246 - 349.558 ms
 - Path: , Req ID: , Response: 
2025-02-24 11:49:02:492 info: DB connection successful - Path: , Req ID: , Response: 
2025-02-24 11:49:10:4910 info: [object Object] - Path: , Req ID: , Response: 
2025-02-24 11:49:10:4910 http: cf9a05b1-fa58-4ff9-a41b-947ce7703835 POST /api/v1/auth/signin 200 246 - 106.463 ms
 - Path: , Req ID: , Response: 
2025-02-24 11:49:31:4931 info: DB connection successful - Path: , Req ID: , Response: 
2025-02-24 11:49:37:4937 info: [object Object] - Path: , Req ID: , Response: 
2025-02-24 11:49:37:4937 http: ac95cea5-a3a1-4c3f-94f0-89da4ec0dc9a POST /api/v1/auth/signin 200 246 - 128.911 ms
 - Path: , Req ID: , Response: 
2025-02-24 11:50:56:5056 info: - Path: , Req ID: , Response: 
2025-02-24 11:51:01:511 info: - Path: /api/v1/auth/signin, Req ID: 5a208c77-9934-4c87-b85f-34b6025bcbff, Response: {"statusCode":200,"data":{"authToken":"eyJhbGciOiJIUzI1NiIsInR5cCI6IkpXVCJ9.eyJ1c2VyX2lkIjoiNjdiMmQ1YjA3MzQ3NWU2NjA2YmFmYzBkIiwiaWF0IjoxNzQwMzc4MDYxfQ.e4d1BE5P1PTT9LHmErIh_mm8WTzCPgaasN8PfL4Ea_E","message":"user login successfully"},"error":null}
2025-02-24 11:51:01:511 http: - Path: , Req ID: , Response: 
2025-02-24 11:52:11:5211 info: - Path: , Req ID: , Response: 
2025-02-24 11:52:38:5238 info: - Path: /api/v1/auth/signin, Req ID: ae974fce-9436-4d31-a0aa-a3403f1a6d71, Response: {"statusCode":200,"data":{"authToken":"eyJhbGciOiJIUzI1NiIsInR5cCI6IkpXVCJ9.eyJ1c2VyX2lkIjoiNjdiMmQ1YjA3MzQ3NWU2NjA2YmFmYzBkIiwiaWF0IjoxNzQwMzc4MTU4fQ.gTghzlotMF40c1rQT_334NpmYXQcqNr3hWvQXt_mu6k","message":"user login successfully"},"error":null}
2025-02-24 11:52:38:5238 http: - Path: , Req ID: , Response: 
2025-02-24 11:54:53:5453 info: - Path: , Req ID: , Response: 
2025-02-24 11:56:16:5616 info: - Path: , Req ID: , Response: 
2025-02-24 11:56:40:5640 info: - Path: /api/v1/auth/signin, Req ID: 256def3d-a9ba-43aa-8287-1272852c8a6d, Response: {"statusCode":200,"data":{"authToken":"eyJhbGciOiJIUzI1NiIsInR5cCI6IkpXVCJ9.eyJ1c2VyX2lkIjoiNjdiMmQ1YjA3MzQ3NWU2NjA2YmFmYzBkIiwiaWF0IjoxNzQwMzc4NDAwfQ.eUOsqHNotHNzB_8lUGieloFxtFMMu6kpMxmrrK6U1oo","message":"user login successfully"},"error":null}
2025-02-24 11:56:40:5640 http: - Path: , Req ID: , Response: 
2025-02-24 11:59:10:5910 info: - Path: /api/v1/auth/signin, Req ID: cf5365d5-8273-4348-8d58-ce8a855182d0, Response: {"statusCode":200,"data":{"authToken":"eyJhbGciOiJIUzI1NiIsInR5cCI6IkpXVCJ9.eyJ1c2VyX2lkIjoiNjdiMmQ1YjA3MzQ3NWU2NjA2YmFmYzBkIiwiaWF0IjoxNzQwMzc4NTUwfQ.Gt5mThnZGZxPzTz0srOl-I4c6NOc13xcjV0IOWRnL18","message":"user login successfully"},"error":null}
2025-02-24 11:59:10:5910 error: - Path: , Req ID: , Response: 
2025-02-24 12:00:56:056 info: - Path: /api/v1/auth/signin, Req ID: 2393a737-b961-48a5-b5a4-21473c095ab7, Response: {"statusCode":200,"data":{"authToken":"eyJhbGciOiJIUzI1NiIsInR5cCI6IkpXVCJ9.eyJ1c2VyX2lkIjoiNjdiMmQ1YjA3MzQ3NWU2NjA2YmFmYzBkIiwiaWF0IjoxNzQwMzc4NjU2fQ.z8O8uwGzZGAQP-ReEQUw77tscAcmCEqLCzaDUMDfdyI","message":"user login successfully"},"error":null}
2025-02-24 12:00:56:056 error: - Path: , Req ID: , Response: 
2025-02-24 12:01:20:120 info: - Path: /api/v1/auth/signin, Req ID: 160a3983-0c80-4541-b83f-8b1de673c9b9, Response: {"statusCode":200,"data":{"authToken":"eyJhbGciOiJIUzI1NiIsInR5cCI6IkpXVCJ9.eyJ1c2VyX2lkIjoiNjdiMmQ1YjA3MzQ3NWU2NjA2YmFmYzBkIiwiaWF0IjoxNzQwMzc4NjgwfQ.rdM2--R0Z_h6jPbnr5Yi7tROVIK1wi4hMJNiulvmi8Q","message":"user login successfully"},"error":null}
2025-02-24 12:01:20:120 http: - Path: , Req ID: , Response: 
2025-02-24 12:10:48:1048 info: - Path: /api/v1/auth/signin, Req ID: ccdecc68-c731-418f-bb00-67a39e694a1b, Response: {"statusCode":200,"data":{"authToken":"eyJhbGciOiJIUzI1NiIsInR5cCI6IkpXVCJ9.eyJ1c2VyX2lkIjoiNjdiMmQ1YjA3MzQ3NWU2NjA2YmFmYzBkIiwiaWF0IjoxNzQwMzc5MjQ4fQ.PcBcV6clUTVZl0S4G7dUTIfJJIMjBD70n-ZXA8nrNsQ","message":"user login successfully"},"error":null}
2025-02-24 12:10:48:1048 http: - Path: , Req ID: , Response: 
2025-02-24 12:15:35:1535 info: - Path: /api/v1/auth/signin, Req ID: a857a2a2-1fbf-4737-a3ef-fa83000e35e8, Response: {"statusCode":200,"data":{"authToken":"eyJhbGciOiJIUzI1NiIsInR5cCI6IkpXVCJ9.eyJ1c2VyX2lkIjoiNjdiMmQ1YjA3MzQ3NWU2NjA2YmFmYzBkIiwiaWF0IjoxNzQwMzc5NTM1fQ.eyHiQnMBdpgXcawpcxi-yJaIhI-MziKHa8puaaLoGCE","message":"user login successfully"},"error":null}
2025-02-24 12:15:35:1535 http: - Path: , Req ID: , Response: 
2025-02-24 12:19:59:1959 info: - Path: /api/v1/auth/signin, Req ID: de067fb5-1e91-42e0-b839-d9762c949439, Response: {"statusCode":200,"data":{"authToken":"eyJhbGciOiJIUzI1NiIsInR5cCI6IkpXVCJ9.eyJ1c2VyX2lkIjoiNjdiMmQ1YjA3MzQ3NWU2NjA2YmFmYzBkIiwiaWF0IjoxNzQwMzc5Nzk5fQ.YxKMaULZdeIs91foIFR86K38pemXUcmHmlNL7Tfvbuk","message":"user login successfully"},"error":null}
2025-02-24 12:19:59:1959 http: - Path: /api/v1/auth/signin, Req ID: de067fb5-1e91-42e0-b839-d9762c949439, Response: {"status":"200","length":"246","response_time":"160.006"}
2025-02-24 12:20:27:2027 info: - Path: /api/v1/auth/signin, Req ID: 10781411-6677-4c84-a43b-0ce883dad275, Response: {"statusCode":200,"data":{"authToken":"eyJhbGciOiJIUzI1NiIsInR5cCI6IkpXVCJ9.eyJ1c2VyX2lkIjoiNjdiMmQ1YjA3MzQ3NWU2NjA2YmFmYzBkIiwiaWF0IjoxNzQwMzc5ODI3fQ.EHmffyWlaXLJokYO6aiW-_hEVvWHTivyTu0k923rkZU","message":"user login successfully"},"error":null}
2025-02-24 12:20:27:2027 http: - Path: /api/v1/auth/signin, Req ID: 10781411-6677-4c84-a43b-0ce883dad275, Response: {"status":"200","length":"246","response_time":"156.509"}
2025-02-24 12:21:50:2150 info: - Path: /api/v1/auth/signup, Req ID: dea27a03-07ab-4dbf-92e1-1b33ec88c328, Response: {"statusCode":200,"data":{"message":"user ccreated successfully"},"error":null}
2025-02-24 12:21:50:2150 http: - Path: /api/v1/auth/signup, Req ID: dea27a03-07ab-4dbf-92e1-1b33ec88c328, Response: {"status":"200","length":"79","response_time":"153.714"}
2025-02-24 12:22:47:2247 error: - Path: , Req ID: , Response: 
2025-02-24 12:22:47:2247 http: - Path: /api/v1/auth/signup, Req ID: 684fb776-fd0a-4e48-ab5d-2b973ce50d0a, Response: {"status":"400","length":"81","response_time":"5.537"}
2025-02-24 12:25:13:2513 error: - Path: /api/v1/auth/signup, Req ID: 0ac27460-bace-4340-bab3-6953af1d2bfb, Response: {"data":null,"error":{"errorCode":"DMS-VEO","errorMessage":"user already exist"}}
2025-02-24 12:25:13:2513 http: - Path: /api/v1/auth/signup, Req ID: 0ac27460-bace-4340-bab3-6953af1d2bfb, Response: {"status":"400","length":"81","response_time":"60.112"}
2025-02-24 12:26:32:2632 error: - Path: /api/v1/auth/signup, Req ID: e74fbcb1-3a0e-4cd4-b207-20917522fa82, Response: {"data":null,"error":{"errorCode":"DMS-VEO","errorMessage":"user already exist"}}
2025-02-24 12:26:32:2632 http: - Path: /api/v1/auth/signup, Req ID: e74fbcb1-3a0e-4cd4-b207-20917522fa82, Response: {"status":"400","length":"81","response_time":"61.636"}
2025-02-24 12:26:51:2651 info: - Path: /api/v1/auth/signin, Req ID: 3bed6dfb-5602-4e92-9d20-b77a6d59ef95, Response: {"statusCode":200,"data":{"authToken":"eyJhbGciOiJIUzI1NiIsInR5cCI6IkpXVCJ9.eyJ1c2VyX2lkIjoiNjdiMmQ1YjA3MzQ3NWU2NjA2YmFmYzBkIiwiaWF0IjoxNzQwMzgwMjExfQ.L09b35Xf9Inmo4niLRBAN-AOJaxtFErfxVUvNL9pbS8","message":"user login successfully"},"error":null}
2025-02-24 12:26:51:2651 http: - Path: /api/v1/auth/signin, Req ID: 3bed6dfb-5602-4e92-9d20-b77a6d59ef95, Response: {"status":"200","length":"246","response_time":"119.403"}
2025-02-24 12:28:17:2817 error: - Path: /api/v1/auth/signin, Req ID: 103fe604-bae4-4048-99a0-cb39e70c7c52, Response: {"data":null,"error":{"errorCode":"DMS-VEO","errorMessage":"user not found"}}
2025-02-24 12:28:17:2817 http: - Path: /api/v1/auth/signin, Req ID: 103fe604-bae4-4048-99a0-cb39e70c7c52, Response: {"status":"404","length":"77","response_time":"6.290"}
2025-02-24 12:28:32:2832 info: - Path: /api/v1/task/addtask, Req ID: d3ef9f9f-fe50-4df3-b89c-a4cdceca787e, Response: {"statusCode":200,"data":{"message":"task created!!"},"error":null}
2025-02-24 12:28:32:2832 http: - Path: /api/v1/task/addtask, Req ID: d3ef9f9f-fe50-4df3-b89c-a4cdceca787e, Response: {"status":"200","length":"67","response_time":"17.749"}
2025-02-24 12:28:47:2847 http: - Path: /api/v1/task/addtask, Req ID: 35adf57a-bc03-4f2a-ae75-66e80ec837f7, Response: {"status":"400","length":"38","response_time":"6.779"}
2025-02-24 12:29:15:2915 info: - Path: /api/v1/task/gettask, Req ID: 2bf7f238-fa58-4ede-ab98-f282d0a7b951, Response: {"statusCode":200,"data":{"user_data":{"_id":"67b2d5b073475e6606bafc0d","name":"asdf","email":"abc@gmail.com","address":"xxxxx","mobile":"9999999999","username":"asdf","created_at":"11-02-25","updated_at":"11-02-25"},"entries":[{"_id":"67b4632edf5d3ac48c21afd5","name":"taskees","status":"pending","assigned_date":"11-02-25","deadline":"11-02-25","user_id":"67b2d5b073475e6606bafc0d"},{"_id":"67b573f84b736444837cb2bb","name":"mnpp","status":"pending","assigned_date":"11-02-25","deadline":"11-02-25","user_id":"67b2d5b073475e6606bafc0d"},{"_id":"67b5766a8b68897851d53fef","name":"mnvvpp","status":"pending","assigned_date":"11-02-25","deadline":"11-02-25","user_id":"67b2d5b073475e6606bafc0d"},{"_id":"67b823793dff73ae31dee580","name":"mnvddvpp","status":"pending","deadline":"11-02-25","assigned_date":"2025-02-21T06:55:53.229Z","updated_at":"2025-02-21T06:55:53.229Z","user_id":"67b2d5b073475e6606bafc0d"},{"_id":"67bc1898efe94285b7da605e","name":"mnvddvpp","status":"pending","deadline":"11-02-25","assigned_date":"2025-02-24T06:58:32.765Z","updated_at":"2025-02-24T06:58:32.765Z","user_id":"67b2d5b073475e6606bafc0d"}],"message":"task fetched successfully"},"error":null}
2025-02-24 12:29:15:2915 http: - Path: /api/v1/task/gettask, Req ID: 2bf7f238-fa58-4ede-ab98-f282d0a7b951, Response: {"status":"200","length":"1176","response_time":"15.180"}
2025-02-24 12:29:24:2924 info: - Path: /api/v1/task/updatetask, Req ID: 752c53b3-1118-444c-9560-31a21612a436, Response: {"statusCode":200,"data":{"message":"task updated"},"error":null}
2025-02-24 12:29:24:2924 http: - Path: /api/v1/task/updatetask, Req ID: 752c53b3-1118-444c-9560-31a21612a436, Response: {"status":"200","length":"65","response_time":"9.283"}
2025-02-24 12:29:28:2928 info: - Path: /api/v1/task/updatetask, Req ID: 3b4255d9-cbd4-4415-a08f-61e1ee6c6041, Response: {"statusCode":200,"data":{"message":"task updated"},"error":null}
2025-02-24 12:29:28:2928 http: - Path: /api/v1/task/updatetask, Req ID: 3b4255d9-cbd4-4415-a08f-61e1ee6c6041, Response: {"status":"200","length":"65","response_time":"6.260"}
2025-02-24 12:29:38:2938 info: - Path: /api/v1/task/updatetask, Req ID: 85424f7e-af28-4cce-9faa-c7fc4047f602, Response: {"statusCode":200,"data":{"message":"task updated"},"error":null}
2025-02-24 12:29:38:2938 http: - Path: /api/v1/task/updatetask, Req ID: 85424f7e-af28-4cce-9faa-c7fc4047f602, Response: {"status":"200","length":"65","response_time":"8.210"}
2025-02-24 12:29:47:2947 info: - Path: /api/v1/task/updatetask, Req ID: f72e4446-759e-4cdf-8160-5a71674bdd69, Response: {"statusCode":200,"data":{"message":"task updated"},"error":null}
2025-02-24 12:29:47:2947 http: - Path: /api/v1/task/updatetask, Req ID: f72e4446-759e-4cdf-8160-5a71674bdd69, Response: {"status":"200","length":"65","response_time":"6.245"}
2025-02-24 12:29:54:2954 error: - Path: /api/v1/task/updatetask, Req ID: 20024ca7-307e-485c-b328-73e5a28e9462, Response: 
2025-02-24 12:31:10:3110 error: - Path: , Req ID: , Response: 
2025-02-24 12:31:22:3122 error: - Path: /api/v1/task/updatetask, Req ID: d92fc10e-9b46-48a2-b521-1c1ecfc308c1, Response: 
2025-02-24 12:31:43:3143 error: - Path: /api/v1/task/updatetask, Req ID: 31f60e70-a25e-4a73-acb5-1bf93da07769, Response: 
2025-02-24 12:33:43:3343 http: - Path: /api/v1/task/updatetask, Req ID: 31f60e70-a25e-4a73-acb5-1bf93da07769, Response: {"response_time":"43.828"}
2025-02-24 12:35:39:3539 error: - Path: /api/v1/task/updatetask, Req ID: 3bca9a28-2f87-4d7f-9123-11bccbb9b06a, Response: 
2025-02-24 12:36:24:3624 http: - Path: /api/v1/task/updatetask, Req ID: 3bca9a28-2f87-4d7f-9123-11bccbb9b06a, Response: {"response_time":"54.904"}
2025-02-24 12:36:32:3632 error: - Path: /api/v1/task/updatetask, Req ID: 1ff87aad-7392-4bf9-9a0c-c6757466fa9b, Response: {"data":null,"error":{"errorCode":"DMS-VEO","errorMessage":"task not found"}}
2025-02-24 12:36:32:3632 http: - Path: /api/v1/task/updatetask, Req ID: 1ff87aad-7392-4bf9-9a0c-c6757466fa9b, Response: {"status":"404","length":"77","response_time":"44.243"}
2025-02-24 12:37:10:3710 error: - Path: /api/v1/task/deletetask, Req ID: 157a7a9c-b829-494d-bee9-246a9975a592, Response: {"data":null,"error":{"errorCode":"DMS-VEO","errorMessage":"task not found"}}
2025-02-24 12:37:10:3710 http: - Path: /api/v1/task/deletetask, Req ID: 157a7a9c-b829-494d-bee9-246a9975a592, Response: {"status":"404","length":"77","response_time":"7.724"}
2025-02-24 13:22:16:2216 error: - Path: /api/v1/auth/signup, Req ID: 85310894-f091-4869-8846-f77b1bd3872f, Response: {"data":null,"error":{"errorCode":"DMS-VEO","errorMessage":"user already exist"}}
2025-02-24 13:22:16:2216 http: - Path: /api/v1/auth/signup, Req ID: 85310894-f091-4869-8846-f77b1bd3872f, Response: {"status":"400","length":"81","response_time":"65.065"}
2025-02-24 14:20:52:2052 error: - Path: /api/v1/auth/signin, Req ID: 09007fc9-5bf4-4959-a550-73398522ca7f, Response: {"data":null,"error":{"errorCode":"DMS-VEO","errorMessage":"user not found"}}
2025-02-24 14:20:52:2052 http: - Path: /api/v1/auth/signin, Req ID: 09007fc9-5bf4-4959-a550-73398522ca7f, Response: {"status":"404","length":"77","response_time":"66.137"}
2025-02-24 14:21:58:2158 info: - Path: /api/v1/auth/signin, Req ID: 6bd3f1c1-d5ee-4321-b941-dda94bbcc9fc, Response: {"statusCode":200,"data":{"authToken":"eyJhbGciOiJIUzI1NiIsInR5cCI6IkpXVCJ9.eyJ1c2VyX2lkIjoiNjdiMmQ1YjA3MzQ3NWU2NjA2YmFmYzBkIiwicmVxX2lkIjoiNmJkM2YxYzEtZDVlZS00MzIxLWI5NDEtZGRhOTRiYmNjOWZjIiwiaWF0IjoxNzQwMzg3MTE4fQ.P2Lipxapyo16yDBluw6dV4E466Nef5Y4iOy4_48fyuc","message":"user login successfully"},"error":null}
2025-02-24 14:21:58:2158 http: - Path: /api/v1/auth/signin, Req ID: 6bd3f1c1-d5ee-4321-b941-dda94bbcc9fc, Response: {"status":"200","length":"310","response_time":"92.624"}
2025-02-24 14:23:15:2315 info: - Path: /api/v1/auth/signin, Req ID: 3f0facc8-6b07-4028-8a47-c3a71a42e7eb, Response: {"statusCode":200,"data":{"authToken":"eyJhbGciOiJIUzI1NiIsInR5cCI6IkpXVCJ9.eyJ1c2VyX2lkIjoiNjdiMmQ1YjA3MzQ3NWU2NjA2YmFmYzBkIiwicmVxX2lkIjoiM2YwZmFjYzgtNmIwNy00MDI4LThhNDctYzNhNzFhNDJlN2ViIiwiaWF0IjoxNzQwMzg3MTk1fQ.h1FNbtdAQfAU-nQTK2uX0OOCS-wahoFSMuljsacmsRk","message":"user login successfully"},"error":null}
2025-02-24 14:23:15:2315 http: - Path: /api/v1/auth/signin, Req ID: 3f0facc8-6b07-4028-8a47-c3a71a42e7eb, Response: {"status":"200","length":"310","response_time":"101.524"}
2025-02-24 14:24:12:2412 http: - Path: /api/v1/task/addtask, Req ID: , Response: {"status":"401","length":"98","response_time":"1.982"}
2025-02-24 14:27:56:2756 info: - Path: /api/v1/auth/signin, Req ID: 9c71cec0-3710-4213-b1b3-8c998e7298bb, Response: {"statusCode":200,"data":{"authToken":"eyJhbGciOiJIUzI1NiIsInR5cCI6IkpXVCJ9.eyJ1c2VyX2lkIjoiNjdiMmQ1YjA3MzQ3NWU2NjA2YmFmYzBkIiwicmVxX2lkIjoiOWM3MWNlYzAtMzcxMC00MjEzLWIxYjMtOGM5OThlNzI5OGJiIiwiaWF0IjoxNzQwMzg3NDc2fQ.ehdqmfnkmUL0OIfG1SOkzy9xgu2dI1qyEj2-GKH0gD4","message":"user login successfully"},"error":null}
2025-02-24 14:27:57:2757 http: - Path: /api/v1/auth/signin, Req ID: 9c71cec0-3710-4213-b1b3-8c998e7298bb, Response: {"status":"200","length":"310","response_time":"254.343"}
2025-02-24 14:28:11:2811 info: - Path: /api/v1/task/addtask, Req ID: 9c71cec0-3710-4213-b1b3-8c998e7298bb, Response: {"statusCode":200,"data":{"message":"task created!!"},"error":null}
2025-02-24 14:28:11:2811 http: - Path: /api/v1/task/addtask, Req ID: 9c71cec0-3710-4213-b1b3-8c998e7298bb, Response: {"status":"200","length":"67","response_time":"14.893"}
2025-02-24 14:28:20:2820 info: - Path: /api/v1/task/gettask, Req ID: 9c71cec0-3710-4213-b1b3-8c998e7298bb, Response: {"statusCode":200,"data":{"user_data":{"_id":"67b2d5b073475e6606bafc0d","name":"asdf","email":"abc@gmail.com","address":"xxxxx","mobile":"9999999999","username":"asdf","created_at":"11-02-25","updated_at":"11-02-25"},"entries":[{"_id":"67b4632edf5d3ac48c21afd5","name":"taskees","status":"pending","assigned_date":"11-02-25","deadline":"11-02-25","user_id":"67b2d5b073475e6606bafc0d"},{"_id":"67b573f84b736444837cb2bb","name":"mnpp","status":"pending","assigned_date":"11-02-25","deadline":"11-02-25","user_id":"67b2d5b073475e6606bafc0d"},{"_id":"67b5766a8b68897851d53fef","name":"mnvvpp","status":"pending","assigned_date":"11-02-25","deadline":"11-02-25","user_id":"67b2d5b073475e6606bafc0d"},{"_id":"67b823793dff73ae31dee580","name":"mnvddvpp","status":"pending","deadline":"11-02-25","assigned_date":"2025-02-21T06:55:53.229Z","updated_at":"2025-02-21T06:55:53.229Z","user_id":"67b2d5b073475e6606bafc0d"},{"_id":"67b82f69554745e1447ca4fe","name":"mnvddvpp","status":"pending","deadline":"11-02-25","assigned_date":"2025-02-21T07:46:49.912Z","updated_at":"2025-02-24T06:59:47.374Z","user_id":"67b2d5b073475e6606bafc0d","dedline":"11-02-25"},{"_id":"67bc1898efe94285b7da605e","name":"mnvddvpp","status":"pending","deadline":"11-02-25","assigned_date":"2025-02-24T06:58:32.765Z","updated_at":"2025-02-24T06:58:32.765Z","user_id":"67b2d5b073475e6606bafc0d"},{"_id":"67bc34a3ac70bd2be83d9679","name":"mnvddvpp","status":"pending","deadline":"11-02-25","assigned_date":"2025-02-24T08:58:11.820Z","updated_at":"2025-02-24T08:58:11.820Z","user_id":"67b2d5b073475e6606bafc0d"}],"message":"task fetched successfully"},"error":null}
2025-02-24 14:28:20:2820 http: - Path: /api/v1/task/gettask, Req ID: 9c71cec0-3710-4213-b1b3-8c998e7298bb, Response: {"status":"200","length":"1625","response_time":"44.460"}
2025-02-24 14:28:30:2830 info: - Path: /api/v1/auth/signin, Req ID: 851a3f7d-5f27-4735-bc9d-fd5597644a9e, Response: {"statusCode":200,"data":{"authToken":"eyJhbGciOiJIUzI1NiIsInR5cCI6IkpXVCJ9.eyJ1c2VyX2lkIjoiNjdiMmQ1YjA3MzQ3NWU2NjA2YmFmYzBkIiwicmVxX2lkIjoiODUxYTNmN2QtNWYyNy00NzM1LWJjOWQtZmQ1NTk3NjQ0YTllIiwiaWF0IjoxNzQwMzg3NTEwfQ.MjY8Pts-kduugAyIXNoe6sqTZxvuCCN9fp1kK2Cy2D8","message":"user login successfully"},"error":null}
2025-02-24 14:28:30:2830 http: - Path: /api/v1/auth/signin, Req ID: 851a3f7d-5f27-4735-bc9d-fd5597644a9e, Response: {"status":"200","length":"310","response_time":"91.126"}
2025-02-24 14:28:49:2849 info: - Path: /api/v1/auth/signup, Req ID: acfa18c6-f086-4afc-8cd3-b5d49c1ab98b, Response: {"statusCode":200,"data":{"message":"user ccreated successfully"},"error":null}
2025-02-24 14:28:49:2849 http: - Path: /api/v1/auth/signup, Req ID: acfa18c6-f086-4afc-8cd3-b5d49c1ab98b, Response: {"status":"200","length":"79","response_time":"161.597"}
2025-02-24 14:34:25:3425 http: - Path: /api/v1/task/updatetask, Req ID: 851a3f7d-5f27-4735-bc9d-fd5597644a9e, Response: {"status":"400","length":"68","response_time":"61.033"}
2025-02-24 14:34:31:3431 error: - Path: /api/v1/task/updatetask, Req ID: 851a3f7d-5f27-4735-bc9d-fd5597644a9e, Response: {"data":null,"error":{"errorCode":"DMS-VEO","errorMessage":"task not found"}}
2025-02-24 14:34:31:3431 http: - Path: /api/v1/task/updatetask, Req ID: 851a3f7d-5f27-4735-bc9d-fd5597644a9e, Response: {"status":"404","length":"77","response_time":"31.688"}
2025-02-24 14:38:14:3814 http: - Path: /api/v1/task/updatetask, Req ID: 851a3f7d-5f27-4735-bc9d-fd5597644a9e, Response: {"status":"400","length":"117","response_time":"63.700"}
2025-02-24 14:49:58:4958 http: - Path: /api/v1/task/updatetask, Req ID: 851a3f7d-5f27-4735-bc9d-fd5597644a9e, Response: {"status":"500","length":1119,"response_time":"108.293"}
2025-02-24 14:50:47:5047 error: - Path: /api/v1/task/updatetask, Req ID: 851a3f7d-5f27-4735-bc9d-fd5597644a9e, Response: {"data":null,"error":{"errorCode":"DMA-VEO","errorMessage":"\"task_id\" length must be at least 24 characters long"}}
2025-02-24 14:50:47:5047 http: - Path: /api/v1/task/updatetask, Req ID: 851a3f7d-5f27-4735-bc9d-fd5597644a9e, Response: {"status":"400","length":"117","response_time":"54.354"}
2025-02-24 14:53:04:534 info: - Path: /api/v1/auth/signup, Req ID: 4a74f4e0-f8d2-40aa-bd25-6a80690482d1, Response: {"statusCode":200,"data":{"message":"user ccreated successfully"},"error":null}
2025-02-24 14:53:04:534 http: - Path: /api/v1/auth/signup, Req ID: 4a74f4e0-f8d2-40aa-bd25-6a80690482d1, Response: {"status":"200","length":"79","response_time":"111.893"}
2025-02-24 14:53:13:5313 info: - Path: /api/v1/auth/signin, Req ID: 2aacc811-0436-4400-984e-ff5507fc1a05, Response: {"statusCode":200,"data":{"authToken":"eyJhbGciOiJIUzI1NiIsInR5cCI6IkpXVCJ9.eyJ1c2VyX2lkIjoiNjdiMmQ1YjA3MzQ3NWU2NjA2YmFmYzBkIiwicmVxX2lkIjoiMmFhY2M4MTEtMDQzNi00NDAwLTk4NGUtZmY1NTA3ZmMxYTA1IiwiaWF0IjoxNzQwMzg4OTkzfQ.vfTBvCT4gaDTnARJuTX8aN2wcZk7O_cfHLyHz86anY4","message":"user login successfully"},"error":null}
2025-02-24 14:53:13:5313 http: - Path: /api/v1/auth/signin, Req ID: 2aacc811-0436-4400-984e-ff5507fc1a05, Response: {"status":"200","length":"310","response_time":"96.099"}
2025-02-24 14:53:24:5324 info: - Path: /api/v1/task/addtask, Req ID: 2aacc811-0436-4400-984e-ff5507fc1a05, Response: {"statusCode":200,"data":{"message":"task created!!"},"error":null}
2025-02-24 14:53:24:5324 http: - Path: /api/v1/task/addtask, Req ID: 2aacc811-0436-4400-984e-ff5507fc1a05, Response: {"status":"200","length":"67","response_time":"7.252"}
2025-02-24 14:53:30:5330 info: - Path: /api/v1/task/gettask, Req ID: 2aacc811-0436-4400-984e-ff5507fc1a05, Response: {"statusCode":200,"data":{"user_data":{"_id":"67b2d5b073475e6606bafc0d","name":"asdf","email":"abc@gmail.com","address":"xxxxx","mobile":"9999999999","username":"asdf","created_at":"11-02-25","updated_at":"11-02-25"},"entries":[{"_id":"67b4632edf5d3ac48c21afd5","name":"taskees","status":"pending","assigned_date":"11-02-25","deadline":"11-02-25","user_id":"67b2d5b073475e6606bafc0d"},{"_id":"67b573f84b736444837cb2bb","name":"mnpp","status":"pending","assigned_date":"11-02-25","deadline":"11-02-25","user_id":"67b2d5b073475e6606bafc0d"},{"_id":"67b5766a8b68897851d53fef","name":"mnvvpp","status":"pending","assigned_date":"11-02-25","deadline":"11-02-25","user_id":"67b2d5b073475e6606bafc0d"},{"_id":"67b823793dff73ae31dee580","name":"mnvddvpp","status":"pending","deadline":"11-02-25","assigned_date":"2025-02-21T06:55:53.229Z","updated_at":"2025-02-21T06:55:53.229Z","user_id":"67b2d5b073475e6606bafc0d"},{"_id":"67b82f69554745e1447ca4fe","name":"mnvddvpp","status":"pending","deadline":"11-02-25","assigned_date":"2025-02-21T07:46:49.912Z","updated_at":"2025-02-24T06:59:47.374Z","user_id":"67b2d5b073475e6606bafc0d","dedline":"11-02-25"},{"_id":"67bc1898efe94285b7da605e","name":"mnvddvpp","status":"pending","deadline":"11-02-25","assigned_date":"2025-02-24T06:58:32.765Z","updated_at":"2025-02-24T06:58:32.765Z","user_id":"67b2d5b073475e6606bafc0d"},{"_id":"67bc34a3ac70bd2be83d9679","name":"mnvddvpp","status":"pending","deadline":"11-02-25","assigned_date":"2025-02-24T08:58:11.820Z","updated_at":"2025-02-24T08:58:11.820Z","user_id":"67b2d5b073475e6606bafc0d"},{"_id":"67bc3a8c31cab06b48d8f753","name":"mnvddvpp","status":"pending","deadline":"11-02-25","assigned_date":"2025-02-24T09:23:24.158Z","updated_at":"2025-02-24T09:23:24.158Z","user_id":"67b2d5b073475e6606bafc0d"}],"message":"task fetched successfully"},"error":null}
2025-02-24 14:53:30:5330 http: - Path: /api/v1/task/gettask, Req ID: 2aacc811-0436-4400-984e-ff5507fc1a05, Response: {"status":"200","length":"1839","response_time":"10.997"}
2025-02-24 14:53:38:5338 error: - Path: /api/v1/task/updatetask, Req ID: 2aacc811-0436-4400-984e-ff5507fc1a05, Response: {"data":null,"error":{"errorCode":"DMA-VEO","errorMessage":"\"task_id\" length must be at least 24 characters long"}}
2025-02-24 14:53:38:5338 http: - Path: /api/v1/task/updatetask, Req ID: 2aacc811-0436-4400-984e-ff5507fc1a05, Response: {"status":"400","length":"117","response_time":"3.111"}
2025-02-24 14:53:50:5350 error: - Path: /api/v1/task/deletetask, Req ID: 2aacc811-0436-4400-984e-ff5507fc1a05, Response: {"data":null,"error":{"errorCode":"DMS-VEO","errorMessage":"task not found"}}
2025-02-24 14:53:50:5350 http: - Path: /api/v1/task/deletetask, Req ID: 2aacc811-0436-4400-984e-ff5507fc1a05, Response: {"status":"404","length":"77","response_time":"4.769"}
2025-02-24 14:57:17:5717 error: - Path: /api/v1/task/deletetask, Req ID: 2aacc811-0436-4400-984e-ff5507fc1a05, Response: {"data":null,"error":{"errorCode":"DMS-VEO","errorMessage":"task not found"}}
2025-02-24 14:57:17:5717 http: - Path: /api/v1/task/deletetask, Req ID: 2aacc811-0436-4400-984e-ff5507fc1a05, Response: {"status":"404","length":"77","response_time":"34.571"}
