2025-02-21 11:11:48:1148 info:  reqId: DB connection successful
2025-02-21 11:17:05:175 info:  reqId: DB connection successful
2025-02-21 11:54:33:5433 info:  reqId: DB connection successful
2025-02-21 11:55:22:5522 info:  reqId: DB connection successful
2025-02-21 12:02:23:223 info:  reqId: DB connection successful
2025-02-21 12:04:19:419 info:  reqId: DB connection successful
2025-02-21 12:05:10:510 info:  reqId: DB connection successful
2025-02-21 12:06:19:619 info:  reqId: DB connection successful
2025-02-21 12:09:07:97 info:  reqId: DB connection successful
2025-02-21 12:11:12:1112 http:  reqId: 74ac1a04-9991-42e8-86fa-159da7c2d88e POST /api/v1/auth/signin   -  ms

2025-02-21 12:12:36:1236 info:  reqId: DB connection successful
2025-02-21 12:13:22:1322 info:  reqId: DB connection successful
2025-02-21 12:13:59:1359 info:  reqId: DB connection successful
2025-02-21 12:14:02:142 info: POST/signin reqId: user logined
2025-02-21 12:14:02:142 http:  reqId: b500d6fc-ec16-4dfb-86d2-f7b4a8ee19cc POST /api/v1/auth/signin 200 204 - 184.192 ms

2025-02-21 12:14:26:1426 info:  reqId: DB connection successful
2025-02-21 12:14:31:1431 info: POST/signin reqId: user logined
2025-02-21 12:14:31:1431 http:  reqId: a0184339-8c20-4465-ac2e-5e24d94d4714 POST /api/v1/auth/signin 200 204 - 137.196 ms

2025-02-21 12:14:45:1445 http:  reqId: 014ab861-2697-476a-b4b8-b9a7281880f5 POST /api/v1/task/addtask 400 75 - 8.089 ms

2025-02-21 12:16:08:168 info:  reqId: DB connection successful
2025-02-21 12:16:52:1652 info:  reqId: DB connection successful
2025-02-21 12:18:39:1839 info:  reqId: DB connection successful
2025-02-21 12:20:45:2045 http:  reqId: 73aa83cf-87a6-49dc-9917-dbcbf1c79bed POST /api/v1/task/addtask   -  ms

2025-02-21 12:21:39:2139 info:  reqId: DB connection successful
2025-02-21 12:22:35:2235 info:  reqId: DB connection successful
2025-02-21 12:22:38:2238 info: POST/addtask reqId:31568a1b-deab-4e7d-b4c4-f632d715b9b4 task created
2025-02-21 12:22:38:2238 http:  reqId: 31568a1b-deab-4e7d-b4c4-f632d715b9b4 POST /api/v1/task/addtask 200 48 - 86.637 ms

2025-02-21 12:25:43:2543 info:  reqId: DB connection successful
2025-02-21 12:25:53:2553 info: POST/addtask reqId:92d8070c-8d60-4622-8ad4-ad68bd50d8a4 task created
2025-02-21 12:25:53:2553 http:  reqId: 92d8070c-8d60-4622-8ad4-ad68bd50d8a4 POST /api/v1/task/addtask 200 48 - 89.797 ms

2025-02-21 12:27:59:2759 info:  reqId: DB connection successful
2025-02-21 12:46:35:4635 info:  reqId: DB connection successful
2025-02-21 13:11:52:1152 info:  reqId: DB connection successful
2025-02-21 13:16:24:1624 info:  reqId: DB connection successful
2025-02-21 13:16:32:1632 info:  reqId: DB connection successful
2025-02-21 13:16:40:1640 info:  reqId: DB connection successful
2025-02-21 13:16:49:1649 info: POST/addtask reqId:abc07929-df34-4077-9b29-52019177e9ac task created
2025-02-21 13:16:49:1649 http:  reqId: abc07929-df34-4077-9b29-52019177e9ac POST /api/v1/task/addtask 200 48 - 202.860 ms

2025-02-21 13:17:30:1730 info:  reqId: DB connection successful
2025-02-21 13:18:14:1814 info:  reqId: DB connection successful
2025-02-21 13:18:18:1818 info: GET/gettask reqId:336bb107-2831-4be0-bf6a-ff2af3c70c1a entries fetched successfully
2025-02-21 13:18:18:1818 http:  reqId: 336bb107-2831-4be0-bf6a-ff2af3c70c1a GET /api/v1/task/gettask 200 1157 - 36.459 ms

2025-02-21 13:19:41:1941 http:  reqId: 0285368e-2419-402b-b96a-e725a8037c96 POST /api/v1/task/updatetask 400 62 - 57.097 ms

2025-02-21 13:20:05:205 info:  reqId: DB connection successful
2025-02-21 13:20:41:2041 info:  reqId: DB connection successful
2025-02-21 13:21:31:2131 info:  reqId: DB connection successful
2025-02-21 13:21:35:2135 info: POST/updatetask reqId:317235b6-0b03-4d7a-a7ac-83928ba21d19 task updated
2025-02-21 13:21:35:2135 http:  reqId: 317235b6-0b03-4d7a-a7ac-83928ba21d19 POST /api/v1/task/updatetask 200 48 - 109.511 ms

2025-02-21 13:21:42:2142 info: GET/gettask reqId:3bb24a7d-44dd-4504-a253-b070d60d65fa entries fetched successfully
2025-02-21 13:21:42:2142 http:  reqId: 3bb24a7d-44dd-4504-a253-b070d60d65fa GET /api/v1/task/gettask 200 1180 - 20.347 ms

2025-02-21 13:22:45:2245 info:  reqId: DB connection successful
2025-02-21 13:23:04:234 info:  reqId: DB connection successful
2025-02-21 13:24:13:2413 http:  reqId: b7d4494e-99fd-42d3-b8ec-4379c199e3e2 DELETE /api/v1/task/deletetask 400 62 - 61.892 ms

2025-02-21 13:24:35:2435 info:  reqId: DB connection successful
2025-02-21 13:24:37:2437 info: DELETE/deletetask reqId:fcc020c2-f5cc-4982-af9f-c91015a8018c task deleted
2025-02-21 13:24:37:2437 http:  reqId: fcc020c2-f5cc-4982-af9f-c91015a8018c DELETE /api/v1/task/deletetask 200 48 - 116.566 ms

2025-02-21 13:25:01:251 info: GET/gettask reqId:1e919071-96d0-470e-95c1-95e1e6bf26e8 entries fetched successfully
2025-02-21 13:25:01:251 http:  reqId: 1e919071-96d0-470e-95c1-95e1e6bf26e8 GET /api/v1/task/gettask 200 943 - 24.142 ms

2025-02-21 15:02:12:212 info:  reqId: DB connection successful
2025-02-21 15:08:40:840 info:  reqId: DB connection successful
2025-02-21 15:08:44:844 info:  reqId: DB connection successful
2025-02-21 15:08:59:859 info:  reqId: DB connection successful
2025-02-21 15:09:12:912 info:  reqId: DB connection successful
2025-02-21 15:09:42:942 info:  reqId: DB connection successful
2025-02-21 15:13:45:1345 info:  reqId: DB connection successful
2025-02-21 15:14:26:1426 info:  reqId: DB connection successful
2025-02-21 15:14:58:1458 http:  reqId: 53c56e21-010e-4187-835d-9a603a52d54b POST /api/v1/auth/signup 400 74 - 30.761 ms

2025-02-21 15:15:06:156 http:  reqId: 4e4174a1-fc57-4910-9217-354e9ca1e887 POST /api/v1/auth/signup 400 56 - 7.476 ms

2025-02-21 15:15:16:1516 error: POST/signup reqId:c8dff09f-a9f5-4701-a520-f3b572d05b06 user not found
2025-02-21 15:15:16:1516 http:  reqId: c8dff09f-a9f5-4701-a520-f3b572d05b06 POST /api/v1/auth/signup 404 77 - 128.273 ms

2025-02-21 15:16:58:1658 error: POST/signup reqId:916c7d04-e8c2-40f6-a34b-a7d8a04c4f21 user not found
2025-02-21 15:16:58:1658 http:  reqId: 916c7d04-e8c2-40f6-a34b-a7d8a04c4f21 POST /api/v1/auth/signup 404 77 - 91.583 ms

2025-02-21 15:17:39:1739 info:  reqId: DB connection successful
2025-02-21 15:17:42:1742 info: POST/signup reqId:5bdef8b4-7a25-4ff4-86f9-47979f3f15c4 user created successfully
2025-02-21 15:17:42:1742 http:  reqId: 5bdef8b4-7a25-4ff4-86f9-47979f3f15c4 POST /api/v1/auth/signup 200 61 - 77.765 ms

2025-02-21 15:17:45:1745 error: POST/signup reqId:d4dd479a-a6ad-4037-bb09-dd053530cf41 user already exist
2025-02-21 15:17:45:1745 http:  reqId: d4dd479a-a6ad-4037-bb09-dd053530cf41 POST /api/v1/auth/signup 400 81 - 2.615 ms

2025-02-21 15:17:55:1755 info: POST/signin reqId: user logined
2025-02-21 15:17:55:1755 http:  reqId: 8baf654c-c43c-48b7-be50-815992180f94 POST /api/v1/auth/signin 200 204 - 107.926 ms

2025-02-21 15:41:51:4151 info:  reqId: DB connection successful
2025-02-21 15:41:58:4158 info: POST/addtask reqId:e840edfa-6337-4b17-ac02-b463690a0146 task created
2025-02-21 15:41:58:4158 http:  reqId: e840edfa-6337-4b17-ac02-b463690a0146 POST /api/v1/task/addtask 200 48 - 35.637 ms

2025-02-21 15:42:29:4229 info:  reqId: DB connection successful
2025-02-21 15:42:47:4247 info:  reqId: DB connection successful
2025-02-21 15:43:54:4354 info:  reqId: DB connection successful
2025-02-21 15:44:02:442 info:  reqId: DB connection successful
2025-02-21 15:45:00:450 info:  reqId: DB connection successful
2025-02-21 15:45:24:4524 info:  reqId: DB connection successful
2025-02-21 16:25:10:2510 info:  reqId: DB connection successful
2025-02-21 16:26:46:2646 info:  reqId: DB connection successful
2025-02-21 16:29:36:2936 info:  reqId: DB connection successful
2025-02-21 16:30:01:301 info:  reqId: DB connection successful
2025-02-21 16:33:10:3310 info:  reqId: DB connection successful
2025-02-21 17:04:24:424 info:  reqId: DB connection successful
2025-02-21 17:05:00:50 info:  reqId: DB connection successful
2025-02-21 17:12:07:127 info:  reqId: DB connection successful
2025-02-21 17:15:50:1550 info:  reqId: DB connection successful
2025-02-21 17:16:59:1659 info:  reqId: DB connection successful
2025-02-21 17:19:14:1914 http:  reqId: 9887ea19-e097-444a-8c50-a8a82ad4ceba POST /api/v1/auth/signin   -  ms

2025-02-21 17:21:05:215 info:  reqId: DB connection successful
2025-02-21 17:21:36:2136 info:  reqId: DB connection successful
2025-02-21 17:23:41:2341 http:  reqId: aae66ed0-79aa-4675-8318-303fec90384c POST /api/v1/auth/signin   -  ms

2025-02-21 17:25:54:2554 info:  reqId: DB connection successful
2025-02-21 17:26:13:2613 info:  reqId: DB connection successful
2025-02-21 17:26:16:2616 info: POST/signin reqId:6e32aa6b-7bf7-464e-9b8a-9bdc5f2e56ac [object Object]
2025-02-21 17:26:16:2616 http:  reqId: 6e32aa6b-7bf7-464e-9b8a-9bdc5f2e56ac POST /api/v1/auth/signin 200 246 - 223.239 ms

2025-02-21 17:26:36:2636 http:  reqId: e5015281-69bb-4b7d-94c0-ff73a281cc46 POST /api/v1/task/addtask 401 98 - 3.572 ms

2025-02-21 17:26:47:2647 info: POST/signin reqId:8dbb3f12-0ae8-4d0d-852a-0f60256a410b [object Object]
2025-02-21 17:26:47:2647 http:  reqId: 8dbb3f12-0ae8-4d0d-852a-0f60256a410b POST /api/v1/auth/signin 200 246 - 134.506 ms

2025-02-21 17:27:23:2723 info:  reqId: DB connection successful
2025-02-21 17:27:26:2726 info: POST/signin reqId:ae31bf90-3806-4ba5-b105-0bcbd9e2468a [object Object]
2025-02-21 17:27:26:2726 http:  reqId: ae31bf90-3806-4ba5-b105-0bcbd9e2468a POST /api/v1/auth/signin 200 246 - 197.476 ms

2025-02-21 17:27:31:2731 info: POST/addtask reqId:5811eecc-0fd2-4652-b930-f8c4e64a7dde task created!!
2025-02-21 17:27:31:2731 http:  reqId: 5811eecc-0fd2-4652-b930-f8c4e64a7dde POST /api/v1/task/addtask 200 50 - 19.736 ms

2025-02-21 17:27:36:2736 info: GET/gettask reqId:1da85531-567d-418d-96d6-07756d314b51 task fetched successfully
2025-02-21 17:27:36:2736 http:  reqId: 1da85531-567d-418d-96d6-07756d314b51 GET /api/v1/task/gettask 200 1176 - 52.048 ms

2025-02-21 17:30:01:301 info: POST/updatetask reqId:87bcf2cb-5e74-454f-8b6d-3cfc3306fe26 task updated
2025-02-21 17:30:01:301 http:  reqId: 87bcf2cb-5e74-454f-8b6d-3cfc3306fe26 POST /api/v1/task/updatetask 200 76 - 11.351 ms

2025-02-21 17:30:21:3021 error: POST/updatetask reqId:888d4bb7-b42a-4f44-ba6f-4edec2f58150 task already up-to-date
2025-02-21 17:30:21:3021 http:  reqId: 888d4bb7-b42a-4f44-ba6f-4edec2f58150 POST /api/v1/task/updatetask 400 86 - 8.080 ms

2025-02-21 17:30:50:3050 info:  reqId: DB connection successful
2025-02-21 17:30:57:3057 info: POST/updatetask reqId:5ce46175-f45d-4ff4-a9df-d37ad7b7577b task updated
2025-02-21 17:30:57:3057 http:  reqId: 5ce46175-f45d-4ff4-a9df-d37ad7b7577b POST /api/v1/task/updatetask 200 65 - 88.722 ms

2025-02-21 17:31:06:316 info: DELETE/deletetask reqId:aca7bdf1-cc0f-4e19-8334-3fdc5e427229 task deleted
2025-02-21 17:31:06:316 http:  reqId: aca7bdf1-cc0f-4e19-8334-3fdc5e427229 DELETE /api/v1/task/deletetask 200 65 - 14.808 ms

2025-02-21 17:31:09:319 info: DELETE/deletetask reqId:941461a5-80e8-4f2a-adf7-91007e53bfb2 task deleted
2025-02-21 17:31:09:319 http:  reqId: 941461a5-80e8-4f2a-adf7-91007e53bfb2 DELETE /api/v1/task/deletetask 200 65 - 8.000 ms

2025-02-21 17:31:15:3115 info: DELETE/deletetask reqId:a4d9819f-1a94-485e-a6cd-07bf8050e1ea task deleted
2025-02-21 17:31:15:3115 http:  reqId: a4d9819f-1a94-485e-a6cd-07bf8050e1ea DELETE /api/v1/task/deletetask 200 65 - 6.758 ms

2025-02-21 17:34:41:3441 info:  reqId: DB connection successful
2025-02-21 17:34:45:3445 info: DELETE/deletetask reqId:58f97f14-d976-481f-b145-5c3199439d5b task deleted
2025-02-21 17:34:45:3445 http:  reqId: 58f97f14-d976-481f-b145-5c3199439d5b DELETE /api/v1/task/deletetask 200 65 - 212.376 ms

2025-02-21 17:35:57:3557 info: DELETE/deletetask reqId:f4316451-7c46-4f98-af7e-386cecdd7642 task deleted
2025-02-21 17:35:57:3557 http:  reqId: f4316451-7c46-4f98-af7e-386cecdd7642 DELETE /api/v1/task/deletetask 200 65 - 5.404 ms

2025-02-21 17:36:35:3635 info:  reqId: DB connection successful
2025-02-21 17:36:38:3638 info: DELETE/deletetask reqId:eeb50751-ca5e-48c7-ba95-b2a44265d43e task deleted
2025-02-21 17:36:38:3638 http:  reqId: eeb50751-ca5e-48c7-ba95-b2a44265d43e DELETE /api/v1/task/deletetask 200 65 - 65.549 ms

2025-02-21 17:36:41:3641 info: DELETE/deletetask reqId:a1822e58-13e1-4b26-8202-1441754519c7 task deleted
2025-02-21 17:36:41:3641 http:  reqId: a1822e58-13e1-4b26-8202-1441754519c7 DELETE /api/v1/task/deletetask 200 65 - 7.874 ms

2025-02-21 17:36:44:3644 info: POST/updatetask reqId:80b4a427-cf64-4970-8c73-fea9efa90c9a task updated
2025-02-21 17:36:44:3644 http:  reqId: 80b4a427-cf64-4970-8c73-fea9efa90c9a POST /api/v1/task/updatetask 200 65 - 12.025 ms

2025-02-21 17:36:48:3648 error: POST/updatetask reqId:504455fc-d146-4d03-8a17-e0ca7e9d0e35 task already up-to-date
2025-02-21 17:36:48:3648 http:  reqId: 504455fc-d146-4d03-8a17-e0ca7e9d0e35 POST /api/v1/task/updatetask 400 86 - 7.659 ms

2025-02-21 17:36:52:3652 info: DELETE/deletetask reqId:e89fbad6-8ec8-4a4e-9049-b390b128e1a8 task deleted
2025-02-21 17:36:52:3652 http:  reqId: e89fbad6-8ec8-4a4e-9049-b390b128e1a8 DELETE /api/v1/task/deletetask 200 65 - 7.858 ms

2025-02-21 17:36:54:3654 info: DELETE/deletetask reqId:c9c0f059-1856-4326-b96a-2d765e82dc06 task deleted
2025-02-21 17:36:54:3654 http:  reqId: c9c0f059-1856-4326-b96a-2d765e82dc06 DELETE /api/v1/task/deletetask 200 65 - 7.414 ms

2025-02-21 17:38:07:387 info:  reqId: DB connection successful
2025-02-21 17:38:10:3810 info: DELETE/deletetask reqId:3f587f4a-5277-46e8-bbb1-8745e1ec046e task deleted
2025-02-21 17:38:10:3810 http:  reqId: 3f587f4a-5277-46e8-bbb1-8745e1ec046e DELETE /api/v1/task/deletetask 200 65 - 71.225 ms

