2025-02-27 10:48:25:4825 error: - Path: /api/v1/auth/signup, Req ID: 5aa17c7f-d8bf-495c-a31c-eb9be4f6989a, Response: {"data":null,"error":{"errorCode":"DMA-VEO","errorMessage":"\"address\" must only contain alpha-numeric characters"}}
2025-02-27 10:48:25:4825 http: - Path: /api/v1/auth/signup, Req ID: 5aa17c7f-d8bf-495c-a31c-eb9be4f6989a, Response: {"status":"400","length":"117","response_time":"97.868"}
2025-02-27 10:48:38:4838 error: - Path: /api/v1/auth/signup, Req ID: 147fac8f-1a2d-46d4-bbe7-775ccce1fa91, Response: {"data":null,"error":{"errorCode":"DMA-VEO","errorMessage":"\"address\" must only contain alpha-numeric characters"}}
2025-02-27 10:48:38:4838 http: - Path: /api/v1/auth/signup, Req ID: 147fac8f-1a2d-46d4-bbe7-775ccce1fa91, Response: {"status":"400","length":"117","response_time":"3.362"}
2025-02-27 10:49:18:4918 info: - Path: /api/v1/auth/signup, Req ID: 226d4012-a171-459c-a69d-4e3cddf6daf1, Response: {"statusCode":200,"data":{"message":"user ccreated successfully"},"error":null}
2025-02-27 10:49:18:4918 http: - Path: /api/v1/auth/signup, Req ID: 226d4012-a171-459c-a69d-4e3cddf6daf1, Response: {"status":"200","length":"79","response_time":"89.711"}
2025-02-27 10:50:54:5054 info: - Path: /api/v1/auth/signup, Req ID: e6a404ac-89ba-4ffd-9684-11afa64d48c9, Response: {"statusCode":200,"data":{"message":"user ccreated successfully"},"error":null}
2025-02-27 10:50:54:5054 http: - Path: /api/v1/auth/signup, Req ID: e6a404ac-89ba-4ffd-9684-11afa64d48c9, Response: {"status":"200","length":"79","response_time":"111.074"}
2025-02-27 10:51:50:5150 info: - Path: /api/v1/auth/signup, Req ID: 801119bf-993b-454d-bac6-bb340f189003, Response: {"statusCode":200,"data":{"message":"user ccreated successfully"},"error":null}
2025-02-27 10:51:50:5150 http: - Path: /api/v1/auth/signup, Req ID: 801119bf-993b-454d-bac6-bb340f189003, Response: {"status":"200","length":"79","response_time":"87.588"}
2025-02-27 10:52:12:5212 error: - Path: /api/v1/auth/signin, Req ID: 6749ab08-20a7-44f4-8dfd-c36bfe4707a3, Response: {"data":null,"error":{"errorCode":"DMS-VEO","errorMessage":"user not found"}}
2025-02-27 10:52:12:5212 http: - Path: /api/v1/auth/signin, Req ID: 6749ab08-20a7-44f4-8dfd-c36bfe4707a3, Response: {"status":"404","length":"77","response_time":"5.356"}
2025-02-27 10:52:34:5234 info: - Path: /api/v1/auth/signin, Req ID: b9bf1b64-9323-47bb-9036-f3cf705202c2, Response: {"statusCode":200,"data":{"authToken":"eyJhbGciOiJIUzI1NiIsInR5cCI6IkpXVCJ9.eyJ1c2VyX2lkIjoiNjdiZmY1ZDZlNDcxMzY3OGQ3ZDkyYzZlIiwicmVxX2lkIjoiYjliZjFiNjQtOTMyMy00N2JiLTkwMzYtZjNjZjcwNTIwMmMyIiwicm9sZSI6InVzZXIiLCJpYXQiOjE3NDA2MzM3NTR9.NqaG9pBlmlCDeA7HqOEtdEbaBIacPBfnjWGYwydOECE","message":"user login successfully"},"error":null}
2025-02-27 10:52:34:5234 http: - Path: /api/v1/auth/signin, Req ID: b9bf1b64-9323-47bb-9036-f3cf705202c2, Response: {"status":"200","length":"328","response_time":"121.871"}
2025-02-27 10:53:31:5331 info: - Path: /api/v1/auth/signin, Req ID: ed968ffd-46b9-41c7-9331-2b952ea616fa, Response: {"statusCode":200,"data":{"authToken":"eyJhbGciOiJIUzI1NiIsInR5cCI6IkpXVCJ9.eyJ1c2VyX2lkIjoiNjdiZmY1ZDZlNDcxMzY3OGQ3ZDkyYzZlIiwicmVxX2lkIjoiZWQ5NjhmZmQtNDZiOS00MWM3LTkzMzEtMmI5NTJlYTYxNmZhIiwicm9sZSI6InVzZXIiLCJpYXQiOjE3NDA2MzM4MTF9.gxxsbbvVGrS7084klK6xsU7f70ak1UQv9x-EmnlkKSk","message":"user login successfully"},"error":null}
2025-02-27 10:53:31:5331 http: - Path: /api/v1/auth/signin, Req ID: ed968ffd-46b9-41c7-9331-2b952ea616fa, Response: {"status":"200","length":"328","response_time":"57.799"}
2025-02-27 10:54:47:5447 http: - Path: /api/v1/task/updatetask, Req ID: b9bf1b64-9323-47bb-9036-f3cf705202c2, Response: {}
2025-02-27 10:56:25:5625 http: - Path: /api/v1/task/addtask, Req ID: ed968ffd-46b9-41c7-9331-2b952ea616fa, Response: {}
2025-02-27 10:56:48:5648 info: - Path: /api/v1/auth/signin, Req ID: 5f5878fc-0f86-4dea-922f-b703b34e90e4, Response: {"statusCode":200,"data":{"authToken":"eyJhbGciOiJIUzI1NiIsInR5cCI6IkpXVCJ9.eyJ1c2VyX2lkIjoiNjdiZmY1ZDZlNDcxMzY3OGQ3ZDkyYzZlIiwicmVxX2lkIjoiNWY1ODc4ZmMtMGY4Ni00ZGVhLTkyMmYtYjcwM2IzNGU5MGU0Iiwicm9sZSI6InVzZXIiLCJpYXQiOjE3NDA2MzQwMDh9.hwydH0tfrGRBLDj53KJqXs0NiyBuhas4Gea7QAYjgZ8","message":"user login successfully"},"error":null}
2025-02-27 10:56:48:5648 http: - Path: /api/v1/auth/signin, Req ID: 5f5878fc-0f86-4dea-922f-b703b34e90e4, Response: {"status":"200","length":"328","response_time":"75.895"}
2025-02-27 10:58:52:5852 http: - Path: /api/v1/task/addtask, Req ID: 5f5878fc-0f86-4dea-922f-b703b34e90e4, Response: {}
2025-02-27 11:40:16:4016 info: - Path: /api/v1/auth/signin, Req ID: f333c117-e4eb-4f85-a536-2f546ec19d73, Response: {"statusCode":200,"data":{"authToken":"eyJhbGciOiJIUzI1NiIsInR5cCI6IkpXVCJ9.eyJ1c2VyX2lkIjoiNjdiZmY1ZDZlNDcxMzY3OGQ3ZDkyYzZlIiwicmVxX2lkIjoiZjMzM2MxMTctZTRlYi00Zjg1LWE1MzYtMmY1NDZlYzE5ZDczIiwicm9sZSI6InVzZXIiLCJpYXQiOjE3NDA2MzY2MTZ9.kTBTCUP99vsfnQFHwLOGjqM-HXXhJHxKEWDnQf7F_CE","message":"user login successfully"},"error":null}
2025-02-27 11:40:16:4016 http: - Path: /api/v1/auth/signin, Req ID: f333c117-e4eb-4f85-a536-2f546ec19d73, Response: {"status":"200","length":"328","response_time":"78.514"}
2025-02-27 11:42:01:421 info: - Path: /api/v1/auth/signin, Req ID: d224b35d-04dc-49c8-baf8-891ffebfd65a, Response: {"statusCode":200,"data":{"authToken":"eyJhbGciOiJIUzI1NiIsInR5cCI6IkpXVCJ9.eyJ1c2VyX2lkIjoiNjdiZmY1ZDZlNDcxMzY3OGQ3ZDkyYzZlIiwicmVxX2lkIjoiZDIyNGIzNWQtMDRkYy00OWM4LWJhZjgtODkxZmZlYmZkNjVhIiwicm9sZSI6InVzZXIiLCJpYXQiOjE3NDA2MzY3MjF9.E58ijP3ZS2_JWCL62xTOBy8XKfXAdV81rtF1T_jcjO4","message":"user login successfully"},"error":null}
2025-02-27 11:42:01:421 http: - Path: /api/v1/auth/signin, Req ID: d224b35d-04dc-49c8-baf8-891ffebfd65a, Response: {"status":"200","length":"328","response_time":"79.412"}
2025-02-27 11:43:32:4332 info: - Path: /api/v1/auth/signin, Req ID: 6159bd5c-830a-45c6-a72f-70b3aea47dbb, Response: {"statusCode":200,"data":{"authToken":"eyJhbGciOiJIUzI1NiIsInR5cCI6IkpXVCJ9.eyJ1c2VyX2lkIjoiNjdiZmY1ZDZlNDcxMzY3OGQ3ZDkyYzZlIiwicmVxX2lkIjoiNjE1OWJkNWMtODMwYS00NWM2LWE3MmYtNzBiM2FlYTQ3ZGJiIiwicm9sZSI6InVzZXIiLCJpYXQiOjE3NDA2MzY4MTJ9.mflCr7QHvbg_g26517VO1J3zjMn2ElJ2z-BCMwUuFoI","message":"user login successfully"},"error":null}
2025-02-27 11:43:32:4332 http: - Path: /api/v1/auth/signin, Req ID: 6159bd5c-830a-45c6-a72f-70b3aea47dbb, Response: {"status":"200","length":"328","response_time":"77.611"}
2025-02-27 11:44:53:4453 info: - Path: /api/v1/auth/signin, Req ID: 32af4b6a-4258-4102-8269-e1f3c847a20b, Response: {"statusCode":200,"data":{"authToken":"eyJhbGciOiJIUzI1NiIsInR5cCI6IkpXVCJ9.eyJ1c2VyX2lkIjoiNjdiZmY1ZDZlNDcxMzY3OGQ3ZDkyYzZlIiwicmVxX2lkIjoiMzJhZjRiNmEtNDI1OC00MTAyLTgyNjktZTFmM2M4NDdhMjBiIiwicm9sZSI6InVzZXIiLCJpYXQiOjE3NDA2MzY4OTN9.WrAeXAB8AcXW6xxVFT65EozsBNkeZsghEC3Eg1OzPyY","message":"user login successfully"},"error":null}
2025-02-27 11:44:53:4453 http: - Path: /api/v1/auth/signin, Req ID: 32af4b6a-4258-4102-8269-e1f3c847a20b, Response: {"status":"200","length":"328","response_time":"75.945"}
2025-02-27 11:46:07:467 info: - Path: /api/v1/auth/signin, Req ID: d7876663-c970-4cc4-bfc8-cef726c856ee, Response: {"statusCode":200,"data":{"authToken":"eyJhbGciOiJIUzI1NiIsInR5cCI6IkpXVCJ9.eyJ1c2VyX2lkIjoiNjdiZmY1ZDZlNDcxMzY3OGQ3ZDkyYzZlIiwicmVxX2lkIjoiZDc4NzY2NjMtYzk3MC00Y2M0LWJmYzgtY2VmNzI2Yzg1NmVlIiwicm9sZSI6InVzZXIiLCJpYXQiOjE3NDA2MzY5Njd9.sJqcXdMvvdaOnPJgdKJseBGlTNQE6Ws822sn1Ghtlkg","message":"user login successfully"},"error":null}
2025-02-27 11:46:07:467 http: - Path: /api/v1/auth/signin, Req ID: d7876663-c970-4cc4-bfc8-cef726c856ee, Response: {"status":"200","length":"328","response_time":"81.203"}
2025-02-27 11:49:24:4924 info: - Path: /api/v1/auth/signin, Req ID: 621fe16b-f525-4f7b-bd5f-7df60e6b5902, Response: {"statusCode":200,"data":{"authToken":"eyJhbGciOiJIUzI1NiIsInR5cCI6IkpXVCJ9.eyJ1c2VyX2lkIjoiNjdiZmY1ZDZlNDcxMzY3OGQ3ZDkyYzZlIiwicmVxX2lkIjoiNjIxZmUxNmItZjUyNS00ZjdiLWJkNWYtN2RmNjBlNmI1OTAyIiwicm9sZSI6InVzZXIiLCJpYXQiOjE3NDA2MzcxNjR9.uGiIbbCeRIitjLc1AP5bLkTiZgtmVCvKE7DTihLgCTc","message":"user login successfully"},"error":null}
2025-02-27 11:49:24:4924 http: - Path: /api/v1/auth/signin, Req ID: 621fe16b-f525-4f7b-bd5f-7df60e6b5902, Response: {"status":"200","length":"328","response_time":"83.474"}
2025-02-27 11:52:05:525 http: - Path: /api/v1/task/addtask, Req ID: 621fe16b-f525-4f7b-bd5f-7df60e6b5902, Response: {}
2025-02-27 11:53:39:5339 error: - Path: /api/v1/task/addtask, Req ID: 621fe16b-f525-4f7b-bd5f-7df60e6b5902, Response: {"data":null,"error":{"errorCode":"DMA-VEO","errorMessage":"\"deadline\" must be a valid date"}}
2025-02-27 11:53:39:5339 http: - Path: /api/v1/task/addtask, Req ID: 621fe16b-f525-4f7b-bd5f-7df60e6b5902, Response: {"status":"400","length":"96","response_time":"32.288"}
2025-02-27 11:54:38:5438 error: - Path: /api/v1/task/addtask, Req ID: 621fe16b-f525-4f7b-bd5f-7df60e6b5902, Response: {"data":null,"error":{"errorCode":"DMA-VEO","errorMessage":"\"deadline\" must be a valid date"}}
2025-02-27 11:54:38:5438 http: - Path: /api/v1/task/addtask, Req ID: 621fe16b-f525-4f7b-bd5f-7df60e6b5902, Response: {"status":"400","length":"96","response_time":"4.430"}
2025-02-27 11:55:18:5518 info: - Path: /api/v1/task/addtask, Req ID: 621fe16b-f525-4f7b-bd5f-7df60e6b5902, Response: {"statusCode":200,"data":{"message":"task created!!"},"error":null}
2025-02-27 11:55:18:5518 http: - Path: /api/v1/task/addtask, Req ID: 621fe16b-f525-4f7b-bd5f-7df60e6b5902, Response: {"status":"200","length":"67","response_time":"8.376"}
2025-02-27 11:57:29:5729 http: - Path: /api/v1/task/updatetask, Req ID: 621fe16b-f525-4f7b-bd5f-7df60e6b5902, Response: {}
2025-02-27 11:57:52:5752 error: - Path: /api/v1/task/updatetask, Req ID: 621fe16b-f525-4f7b-bd5f-7df60e6b5902, Response: {"data":null,"error":{"errorCode":"DMA-VEO","errorMessage":"\"task_id\" length must be at least 24 characters long"}}
2025-02-27 11:57:52:5752 http: - Path: /api/v1/task/updatetask, Req ID: 621fe16b-f525-4f7b-bd5f-7df60e6b5902, Response: {"status":"400","length":"117","response_time":"6.314"}
2025-02-27 11:58:02:582 error: - Path: /api/v1/task/updatetask, Req ID: 621fe16b-f525-4f7b-bd5f-7df60e6b5902, Response: {"data":null,"error":{"errorCode":"DMS-VEO","errorMessage":"task not found"}}
2025-02-27 11:58:02:582 http: - Path: /api/v1/task/updatetask, Req ID: 621fe16b-f525-4f7b-bd5f-7df60e6b5902, Response: {"status":"404","length":"77","response_time":"8.135"}
2025-02-27 12:01:42:142 error: - Path: /api/v1/task/updatetask, Req ID: 621fe16b-f525-4f7b-bd5f-7df60e6b5902, Response: {"data":null,"error":{"errorCode":"DMS-VEO","errorMessage":"user not authorized"}}
2025-02-27 12:01:42:142 http: - Path: /api/v1/task/updatetask, Req ID: 621fe16b-f525-4f7b-bd5f-7df60e6b5902, Response: {"status":"401","length":"82","response_time":"64.452"}
2025-02-27 12:02:06:26 info: - Path: /api/v1/auth/signin, Req ID: adf5cbcf-556f-4d58-9158-0fefce139a49, Response: {"statusCode":200,"data":{"authToken":"eyJhbGciOiJIUzI1NiIsInR5cCI6IkpXVCJ9.eyJ1c2VyX2lkIjoiNjdiZmY2MzZlNDcxMzY3OGQ3ZDkyYzZmIiwicmVxX2lkIjoiYWRmNWNiY2YtNTU2Zi00ZDU4LTkxNTgtMGZlZmNlMTM5YTQ5Iiwicm9sZSI6Im1hbmFnZXIiLCJpYXQiOjE3NDA2Mzc5MjZ9.7b1r6D20vPoKLIAcKjYYaueoLG_JfcHtn8GsfbImy2E","message":"user login successfully"},"error":null}
2025-02-27 12:02:06:26 http: - Path: /api/v1/auth/signin, Req ID: adf5cbcf-556f-4d58-9158-0fefce139a49, Response: {"status":"200","length":"332","response_time":"127.221"}
2025-02-27 12:02:10:210 error: - Path: /api/v1/task/updatetask, Req ID: adf5cbcf-556f-4d58-9158-0fefce139a49, Response: {"data":null,"error":{"errorCode":"DMS-VEO","errorMessage":"task not found"}}
2025-02-27 12:02:10:210 http: - Path: /api/v1/task/updatetask, Req ID: adf5cbcf-556f-4d58-9158-0fefce139a49, Response: {"status":"404","length":"77","response_time":"12.754"}
2025-02-27 13:28:12:2812 error: - Path: /api/v1/task/gettask, Req ID: adf5cbcf-556f-4d58-9158-0fefce139a49, Response: 
2025-02-27 13:52:16:5216 http: - Path: /api/v1/task/gettask, Req ID: adf5cbcf-556f-4d58-9158-0fefce139a49, Response: {"response_time":"52.994"}
2025-02-27 14:01:39:139 info: - Path: /api/v1/auth/signin, Req ID: 18ac5989-acb4-4dfc-9682-acee947907b2, Response: {"statusCode":200,"data":{"authToken":"eyJhbGciOiJIUzI1NiIsInR5cCI6IkpXVCJ9.eyJ1c2VyX2lkIjoiNjdiZmY2MzZlNDcxMzY3OGQ3ZDkyYzZmIiwicmVxX2lkIjoiMThhYzU5ODktYWNiNC00ZGZjLTk2ODItYWNlZTk0NzkwN2IyIiwicm9sZSI6Im1hbmFnZXIiLCJpYXQiOjE3NDA2NDUwOTl9.aNOIliwtUfW0avDgedHSw7PqN711cviBB4ajOTjdLU0","message":"user login successfully"},"error":null}
2025-02-27 14:01:39:139 http: - Path: /api/v1/auth/signin, Req ID: 18ac5989-acb4-4dfc-9682-acee947907b2, Response: {"status":"200","length":"332","response_time":"210.712"}
2025-02-27 14:01:43:143 error: - Path: /api/v1/task/gettask, Req ID: 18ac5989-acb4-4dfc-9682-acee947907b2, Response: 
2025-02-27 14:03:43:343 http: - Path: /api/v1/task/gettask, Req ID: 18ac5989-acb4-4dfc-9682-acee947907b2, Response: {"response_time":"7.478"}
2025-02-27 14:04:25:425 error: - Path: /api/v1/task/gettask, Req ID: 18ac5989-acb4-4dfc-9682-acee947907b2, Response: 
2025-02-27 14:05:30:530 error: - Path: /api/v1/task/gettask, Req ID: 18ac5989-acb4-4dfc-9682-acee947907b2, Response: 
2025-02-27 14:06:30:630 error: - Path: /api/v1/task/gettask, Req ID: 18ac5989-acb4-4dfc-9682-acee947907b2, Response: 
2025-02-27 14:07:16:716 info: - Path: /api/v1/task/gettask, Req ID: 18ac5989-acb4-4dfc-9682-acee947907b2, Response: {"statusCode":200,"data":{"user_data":{"_id":"67bff636e4713678d7d92c6f","name":"Anushk kaushik","email":"Anushk.k@gmail.com","address":"choti sadri","mobile":"1234567890","username":"Anushk","role":"manager","created_at":"2025-02-27T05:20:54.968Z","updated_at":"2025-02-27T05:20:54.968Z"},"entries":[],"message":"task fetched successfully"},"error":null}
2025-02-27 14:07:16:716 http: - Path: /api/v1/task/gettask, Req ID: 18ac5989-acb4-4dfc-9682-acee947907b2, Response: {"status":"200","length":"354","response_time":"109.235"}
2025-02-27 14:07:31:731 info: - Path: /api/v1/auth/signin, Req ID: f084d911-7bd1-45c5-b555-91e53d8fb74c, Response: {"statusCode":200,"data":{"authToken":"eyJhbGciOiJIUzI1NiIsInR5cCI6IkpXVCJ9.eyJ1c2VyX2lkIjoiNjdiZmY2MzZlNDcxMzY3OGQ3ZDkyYzZmIiwicmVxX2lkIjoiZjA4NGQ5MTEtN2JkMS00NWM1LWI1NTUtOTFlNTNkOGZiNzRjIiwicm9sZSI6Im1hbmFnZXIiLCJpYXQiOjE3NDA2NDU0NTF9.DSC4B9HCjcwCLd0Y7E9QK2NSlcpHiDCToiahwwnV1_k","message":"user login successfully"},"error":null}
2025-02-27 14:07:31:731 http: - Path: /api/v1/auth/signin, Req ID: f084d911-7bd1-45c5-b555-91e53d8fb74c, Response: {"status":"200","length":"332","response_time":"109.486"}
2025-02-27 14:07:39:739 info: - Path: /api/v1/auth/signin, Req ID: 5402db1f-b57e-4a36-8af6-a880b95cdf10, Response: {"statusCode":200,"data":{"authToken":"eyJhbGciOiJIUzI1NiIsInR5cCI6IkpXVCJ9.eyJ1c2VyX2lkIjoiNjdiZmY1ZDZlNDcxMzY3OGQ3ZDkyYzZlIiwicmVxX2lkIjoiNTQwMmRiMWYtYjU3ZS00YTM2LThhZjYtYTg4MGI5NWNkZjEwIiwicm9sZSI6InVzZXIiLCJpYXQiOjE3NDA2NDU0NTl9.5_Tk4kqojqw_PMSRvxYk4gFug6lQ1pOFsFf7rDcsI2Q","message":"user login successfully"},"error":null}
2025-02-27 14:07:39:739 http: - Path: /api/v1/auth/signin, Req ID: 5402db1f-b57e-4a36-8af6-a880b95cdf10, Response: {"status":"200","length":"328","response_time":"90.268"}
2025-02-27 14:07:42:742 info: - Path: /api/v1/task/gettask, Req ID: 5402db1f-b57e-4a36-8af6-a880b95cdf10, Response: {"statusCode":200,"data":{"user_data":{"_id":"67bff5d6e4713678d7d92c6e","name":"Ekansh Khandelwal","email":"ekansh.14.k@gmail.com","address":"alwar 301001","mobile":"1234567890","username":"ekansh14","role":"user","created_at":"2025-02-27T05:19:18.939Z","updated_at":"2025-02-27T05:19:18.939Z"},"entries":[{"_id":"67c0054e1d51d1904c55d17b","name":"add task","status":"pending","deadline":"11-02-25","assigned_date":"2025-02-27T06:25:18.104Z","updated_at":"2025-02-27T06:25:18.104Z","user_id":"67bff5d6e4713678d7d92c6e"}],"message":"task fetched successfully"},"error":null}
2025-02-27 14:07:42:742 http: - Path: /api/v1/task/gettask, Req ID: 5402db1f-b57e-4a36-8af6-a880b95cdf10, Response: {"status":"200","length":"573","response_time":"43.634"}
2025-02-27 14:08:22:822 http: - Path: /api/v1/task/gettask, Req ID: 5402db1f-b57e-4a36-8af6-a880b95cdf10, Response: {"status":"200","length":"34","response_time":"2.825"}
2025-02-27 14:12:00:120 http: - Path: /api/v1/task/gettask, Req ID: 5402db1f-b57e-4a36-8af6-a880b95cdf10, Response: {"status":"200","length":"34","response_time":"48.128"}
2025-02-27 14:12:39:1239 http: - Path: /api/v1/task/gettask, Req ID: 5402db1f-b57e-4a36-8af6-a880b95cdf10, Response: {"status":"200","length":"34","response_time":"33.534"}
2025-02-27 14:12:48:1248 info: - Path: /api/v1/auth/signin, Req ID: 95cb5ed1-fb90-4af8-a2a1-ee08b6d09538, Response: {"statusCode":200,"data":{"authToken":"eyJhbGciOiJIUzI1NiIsInR5cCI6IkpXVCJ9.eyJ1c2VyX2lkIjoiNjdiZmY1ZDZlNDcxMzY3OGQ3ZDkyYzZlIiwicmVxX2lkIjoiOTVjYjVlZDEtZmI5MC00YWY4LWEyYTEtZWUwOGI2ZDA5NTM4Iiwicm9sZSI6InVzZXIiLCJpYXQiOjE3NDA2NDU3Njh9.ns1NVzTC6FqrZSzsZI0AK4BzJgYtoti6cezG0uDTKcg","message":"user login successfully"},"error":null}
2025-02-27 14:12:48:1248 http: - Path: /api/v1/auth/signin, Req ID: 95cb5ed1-fb90-4af8-a2a1-ee08b6d09538, Response: {"status":"200","length":"328","response_time":"102.529"}
2025-02-27 14:12:53:1253 http: - Path: /api/v1/task/gettask, Req ID: 95cb5ed1-fb90-4af8-a2a1-ee08b6d09538, Response: {"status":"200","length":"34","response_time":"4.941"}
2025-02-27 14:13:27:1327 http: - Path: /api/v1/task/gettask, Req ID: 95cb5ed1-fb90-4af8-a2a1-ee08b6d09538, Response: {"status":"200","length":"34","response_time":"84.276"}
2025-02-27 14:14:01:141 http: - Path: /api/v1/task/gettask, Req ID: 95cb5ed1-fb90-4af8-a2a1-ee08b6d09538, Response: {"status":"200","length":"34","response_time":"48.129"}
2025-02-27 14:15:12:1512 info: - Path: /api/v1/task/gettask, Req ID: 95cb5ed1-fb90-4af8-a2a1-ee08b6d09538, Response: {"statusCode":200,"data":{"user_data":{"_id":"67bff5d6e4713678d7d92c6e","name":"Ekansh Khandelwal","email":"ekansh.14.k@gmail.com","address":"alwar 301001","mobile":"1234567890","username":"ekansh14","role":"user","created_at":"2025-02-27T05:19:18.939Z","updated_at":"2025-02-27T05:19:18.939Z"},"entries":[],"message":"task fetched successfully"},"error":null}
2025-02-27 14:15:12:1512 http: - Path: /api/v1/task/gettask, Req ID: 95cb5ed1-fb90-4af8-a2a1-ee08b6d09538, Response: {"status":"200","length":"360","response_time":"250.384"}
2025-02-27 14:33:58:3358 info: - Path: /api/v1/task/gettask, Req ID: 95cb5ed1-fb90-4af8-a2a1-ee08b6d09538, Response: {"statusCode":200,"data":{"user_data":{"_id":"67bff5d6e4713678d7d92c6e","name":"Ekansh Khandelwal","email":"ekansh.14.k@gmail.com","address":"alwar 301001","mobile":"1234567890","username":"ekansh14","role":"user","created_at":"2025-02-27T05:19:18.939Z","updated_at":"2025-02-27T05:19:18.939Z"},"entries":[],"message":"task fetched successfully"},"error":null}
2025-02-27 14:33:58:3358 http: - Path: /api/v1/task/gettask, Req ID: 95cb5ed1-fb90-4af8-a2a1-ee08b6d09538, Response: {"status":"200","length":"360","response_time":"51.902"}
2025-02-27 14:34:11:3411 info: - Path: /api/v1/task/gettask, Req ID: 95cb5ed1-fb90-4af8-a2a1-ee08b6d09538, Response: {"statusCode":200,"data":{"user_data":{"_id":"67bff5d6e4713678d7d92c6e","name":"Ekansh Khandelwal","email":"ekansh.14.k@gmail.com","address":"alwar 301001","mobile":"1234567890","username":"ekansh14","role":"user","created_at":"2025-02-27T05:19:18.939Z","updated_at":"2025-02-27T05:19:18.939Z"},"entries":[{"_id":"67c0054e1d51d1904c55d17b","name":"add task","status":"pending","deadline":"11-02-25","assigned_date":"2025-02-27T06:25:18.104Z","updated_at":"2025-02-27T06:25:18.104Z","user_id":"67bff5d6e4713678d7d92c6e"}],"message":"task fetched successfully"},"error":null}
2025-02-27 14:34:11:3411 http: - Path: /api/v1/task/gettask, Req ID: 95cb5ed1-fb90-4af8-a2a1-ee08b6d09538, Response: {"status":"200","length":"573","response_time":"6.079"}
2025-02-27 14:34:19:3419 info: - Path: /api/v1/task/gettask, Req ID: 95cb5ed1-fb90-4af8-a2a1-ee08b6d09538, Response: {"statusCode":200,"data":{"user_data":{"_id":"67bff5d6e4713678d7d92c6e","name":"Ekansh Khandelwal","email":"ekansh.14.k@gmail.com","address":"alwar 301001","mobile":"1234567890","username":"ekansh14","role":"user","created_at":"2025-02-27T05:19:18.939Z","updated_at":"2025-02-27T05:19:18.939Z"},"entries":[],"message":"task fetched successfully"},"error":null}
2025-02-27 14:34:19:3419 http: - Path: /api/v1/task/gettask, Req ID: 95cb5ed1-fb90-4af8-a2a1-ee08b6d09538, Response: {"status":"200","length":"360","response_time":"5.968"}
2025-02-27 14:34:37:3437 info: - Path: /api/v1/task/gettask, Req ID: 95cb5ed1-fb90-4af8-a2a1-ee08b6d09538, Response: {"statusCode":200,"data":{"user_data":{"_id":"67bff5d6e4713678d7d92c6e","name":"Ekansh Khandelwal","email":"ekansh.14.k@gmail.com","address":"alwar 301001","mobile":"1234567890","username":"ekansh14","role":"user","created_at":"2025-02-27T05:19:18.939Z","updated_at":"2025-02-27T05:19:18.939Z"},"entries":[],"message":"task fetched successfully"},"error":null}
2025-02-27 14:34:37:3437 http: - Path: /api/v1/task/gettask, Req ID: 95cb5ed1-fb90-4af8-a2a1-ee08b6d09538, Response: {"status":"200","length":"360","response_time":"8.180"}
2025-02-27 14:44:37:4437 info: - Path: /api/v1/task/gettask, Req ID: 95cb5ed1-fb90-4af8-a2a1-ee08b6d09538, Response: {"statusCode":200,"data":{"user_data":{"_id":"67bff5d6e4713678d7d92c6e","name":"Ekansh Khandelwal","email":"ekansh.14.k@gmail.com","address":"alwar 301001","mobile":"1234567890","username":"ekansh14","role":"user","created_at":"2025-02-27T05:19:18.939Z","updated_at":"2025-02-27T05:19:18.939Z"},"entries":[{"_id":"67c0054e1d51d1904c55d17b","name":"add task","status":"pending","deadline":"11-02-25","assigned_date":"2025-02-27T06:25:18.104Z","updated_at":"2025-02-27T06:25:18.104Z","user_id":"67bff5d6e4713678d7d92c6e"}],"message":"task fetched successfully"},"error":null}
2025-02-27 14:44:37:4437 http: - Path: /api/v1/task/gettask, Req ID: 95cb5ed1-fb90-4af8-a2a1-ee08b6d09538, Response: {"status":"200","length":"573","response_time":"81.328"}
2025-02-27 14:44:47:4447 http: - Path: /api/v1/task/gettask, Req ID: 95cb5ed1-fb90-4af8-a2a1-ee08b6d09538, Response: {"status":"200","length":"34","response_time":"3.758"}
2025-02-27 14:47:49:4749 http: - Path: /api/v1/task/gettask, Req ID: 95cb5ed1-fb90-4af8-a2a1-ee08b6d09538, Response: {"status":"200","length":"34","response_time":"64.440"}
2025-02-27 14:50:47:5047 http: - Path: /api/v1/task/gettask, Req ID: 95cb5ed1-fb90-4af8-a2a1-ee08b6d09538, Response: {"status":"200","length":"34","response_time":"73.985"}
2025-02-27 14:52:58:5258 info: - Path: /api/v1/task/gettask, Req ID: 95cb5ed1-fb90-4af8-a2a1-ee08b6d09538, Response: {"statusCode":200,"data":{"user_data":{"_id":"67bff5d6e4713678d7d92c6e","name":"Ekansh Khandelwal","email":"ekansh.14.k@gmail.com","address":"alwar 301001","mobile":"1234567890","username":"ekansh14","role":"user","created_at":"2025-02-27T05:19:18.939Z","updated_at":"2025-02-27T05:19:18.939Z"},"entries":[{"_id":"67c0054e1d51d1904c55d17b","name":"add task","status":"pending","deadline":"11-02-25","assigned_date":"2025-02-27T06:25:18.104Z","updated_at":"2025-02-27T06:25:18.104Z","user_id":"67bff5d6e4713678d7d92c6e"}],"message":"task fetched successfully"},"error":null}
2025-02-27 14:52:58:5258 http: - Path: /api/v1/task/gettask, Req ID: 95cb5ed1-fb90-4af8-a2a1-ee08b6d09538, Response: {"status":"200","length":"573","response_time":"496.214"}
2025-02-27 15:07:24:724 error: - Path: /api/v1/task/gettask, Req ID: 95cb5ed1-fb90-4af8-a2a1-ee08b6d09538, Response: 
2025-02-27 15:07:47:747 info: - Path: /api/v1/task/gettask, Req ID: 95cb5ed1-fb90-4af8-a2a1-ee08b6d09538, Response: {"statusCode":200,"data":{"user_data":{"_id":"67bff5d6e4713678d7d92c6e","name":"Ekansh Khandelwal","email":"ekansh.14.k@gmail.com","address":"alwar 301001","mobile":"1234567890","username":"ekansh14","role":"user","created_at":"2025-02-27T05:19:18.939Z","updated_at":"2025-02-27T05:19:18.939Z"},"entries":[{"_id":"67c0054e1d51d1904c55d17b","name":"add task","status":"pending","deadline":"11-02-25","assigned_date":"2025-02-27T06:25:18.104Z","updated_at":"2025-02-27T06:25:18.104Z","user_id":"67bff5d6e4713678d7d92c6e"}],"message":"task fetched successfully"},"error":null}
2025-02-27 15:07:47:747 http: - Path: /api/v1/task/gettask, Req ID: 95cb5ed1-fb90-4af8-a2a1-ee08b6d09538, Response: {"status":"200","length":"573","response_time":"79.488"}
2025-02-27 15:08:37:837 info: - Path: /api/v1/task/gettask, Req ID: 95cb5ed1-fb90-4af8-a2a1-ee08b6d09538, Response: {"statusCode":200,"data":{"user_data":{"_id":"67bff5d6e4713678d7d92c6e","name":"Ekansh Khandelwal","email":"ekansh.14.k@gmail.com","address":"alwar 301001","mobile":"1234567890","username":"ekansh14","role":"user","created_at":"2025-02-27T05:19:18.939Z","updated_at":"2025-02-27T05:19:18.939Z"},"entries":[{"_id":"67c0054e1d51d1904c55d17b","name":"add task","status":"pending","deadline":"11-02-25","assigned_date":"2025-02-27T06:25:18.104Z","updated_at":"2025-02-27T06:25:18.104Z","user_id":"67bff5d6e4713678d7d92c6e"}],"message":"task fetched successfully"},"error":null}
2025-02-27 15:08:37:837 http: - Path: /api/v1/task/gettask, Req ID: 95cb5ed1-fb90-4af8-a2a1-ee08b6d09538, Response: {"status":"200","length":"573","response_time":"131.359"}
2025-02-27 15:10:34:1034 info: - Path: /api/v1/task/gettask, Req ID: 95cb5ed1-fb90-4af8-a2a1-ee08b6d09538, Response: {"statusCode":200,"data":{"user_data":{"_id":"67bff5d6e4713678d7d92c6e","name":"Ekansh Khandelwal","email":"ekansh.14.k@gmail.com","address":"alwar 301001","mobile":"1234567890","username":"ekansh14","role":"user","created_at":"2025-02-27T05:19:18.939Z","updated_at":"2025-02-27T05:19:18.939Z"},"entries":[{"_id":"67c0054e1d51d1904c55d17b","name":"add task","status":"pending","deadline":"11-02-25","assigned_date":"2025-02-27T06:25:18.104Z","updated_at":"2025-02-27T06:25:18.104Z","user_id":"67bff5d6e4713678d7d92c6e"}],"message":"task fetched successfully"},"error":null}
2025-02-27 15:10:34:1034 http: - Path: /api/v1/task/gettask, Req ID: 95cb5ed1-fb90-4af8-a2a1-ee08b6d09538, Response: {"status":"200","length":"573","response_time":"57.549"}
2025-02-27 15:12:08:128 info: - Path: /api/v1/task/gettask, Req ID: 95cb5ed1-fb90-4af8-a2a1-ee08b6d09538, Response: {"statusCode":200,"data":{"user_data":{"_id":"67bff5d6e4713678d7d92c6e","name":"Ekansh Khandelwal","email":"ekansh.14.k@gmail.com","address":"alwar 301001","mobile":"1234567890","username":"ekansh14","role":"user","created_at":"2025-02-27T05:19:18.939Z","updated_at":"2025-02-27T05:19:18.939Z"},"entries":[{"_id":"67c0054e1d51d1904c55d17b","name":"add task","status":"pending","deadline":"11-02-25","assigned_date":"2025-02-27T06:25:18.104Z","updated_at":"2025-02-27T06:25:18.104Z","user_id":"67bff5d6e4713678d7d92c6e"}],"message":"task fetched successfully"},"error":null}
2025-02-27 15:12:08:128 http: - Path: /api/v1/task/gettask, Req ID: 95cb5ed1-fb90-4af8-a2a1-ee08b6d09538, Response: {"status":"200","length":"573","response_time":"58.373"}
2025-02-27 15:13:21:1321 http: - Path: /api/v1/task/gettask, Req ID: 95cb5ed1-fb90-4af8-a2a1-ee08b6d09538, Response: {"status":"200","length":"523","response_time":"33.750"}
2025-02-27 15:13:38:1338 http: - Path: /api/v1/task/gettask, Req ID: 95cb5ed1-fb90-4af8-a2a1-ee08b6d09538, Response: {"status":"200","length":"523","response_time":"4.711"}
2025-02-27 15:14:32:1432 http: - Path: /api/v1/task/gettask, Req ID: 95cb5ed1-fb90-4af8-a2a1-ee08b6d09538, Response: {"status":"200","length":"523","response_time":"114.027"}
